\BOOKMARK [1][-]{section*.1}{\376\377\000T\000i\000t\000l\000e}{}% 1
\BOOKMARK [1][-]{section.1}{\376\377\0001\000\040\137\025\212\000}{}% 2
\BOOKMARK [1][-]{section.2}{\376\377\0002\000\040\170\024\172\166\200\314\146\157}{}% 3
\BOOKMARK [2][-]{subsection.2.1}{\376\377\0002\000.\0001\000\040\000X\121\111\126\376\120\317}{section.2}% 4
\BOOKMARK [2][-]{subsection.2.2}{\376\377\0002\000.\0002\000\040\117\040\176\337\145\271\154\325\150\300\155\113}{section.2}% 5
\BOOKMARK [2][-]{subsection.2.3}{\376\377\0002\000.\0003\000\040\155\361\136\246\133\146\116\140\145\271\154\325\150\300\155\113}{section.2}% 6
\BOOKMARK [2][-]{subsection.2.4}{\376\377\0002\000.\0004\000\040\000Y\000O\000L\000O\000\040\166\356\150\007\150\300\155\113\152\041\127\213\124\004\162\110\147\054\166\204\123\321\134\125\123\206\172\013}{section.2}% 7
\BOOKMARK [1][-]{section.3}{\376\377\0003\000\040\000Y\000O\000L\000O\174\373\122\027\152\041\127\213\127\050\000X\121\111\126\376\120\317\217\335\171\201\124\301\150\300\155\113\116\055\166\204\136\224\165\050}{}% 8
\BOOKMARK [2][-]{subsubsection.3.0.1}{\376\377\0003\000.\0000\000.\0001\000\040\000Y\000O\000L\000O\000v\0001}{section.3}% 9
\BOOKMARK [3][-]{subsubsection.3.0.2}{\376\377\0003\000.\0000\000.\0002\000\040\000Y\000O\000L\000O\000v\0002}{subsubsection.3.0.1}% 10
\BOOKMARK [3][-]{subsubsection.3.0.3}{\376\377\0003\000.\0000\000.\0003\000\040\000Y\000O\000L\000O\000v\0003}{subsubsection.3.0.1}% 11
\BOOKMARK [3][-]{subsubsection.3.0.4}{\376\377\0003\000.\0000\000.\0004\000\040\000Y\000O\000L\000O\000v\0004}{subsubsection.3.0.1}% 12
\BOOKMARK [3][-]{subsubsection.3.0.5}{\376\377\0003\000.\0000\000.\0005\000\040\000Y\000O\000L\000O\000v\0005}{subsubsection.3.0.1}% 13
\BOOKMARK [3][-]{subsubsection.3.0.6}{\376\377\0003\000.\0000\000.\0006\000\040\000Y\000O\000L\000O\000X}{subsubsection.3.0.1}% 14
\BOOKMARK [3][-]{subsubsection.3.0.7}{\376\377\0003\000.\0000\000.\0007\000\040\000Y\000O\000L\000O\000v\0006}{subsubsection.3.0.1}% 15
\BOOKMARK [3][-]{subsubsection.3.0.8}{\376\377\0003\000.\0000\000.\0008\000\040\000Y\000O\000L\000O\000v\0007}{subsubsection.3.0.1}% 16
\BOOKMARK [3][-]{subsubsection.3.0.9}{\376\377\0003\000.\0000\000.\0009\000\040\000Y\000O\000L\000O\000v\0008}{subsubsection.3.0.1}% 17
\BOOKMARK [2][-]{subsection.3.1}{\376\377\0003\000.\0001\000\040\213\304\116\367\143\007\150\007}{section.3}% 18
\BOOKMARK [2][-]{subsection.3.2}{\376\377\0003\000.\0002\000\040\145\160\143\156\226\306\116\313\176\315}{section.3}% 19
\BOOKMARK [2][-]{subsection.3.3}{\376\377\0003\000.\0003\000\040\000Y\000O\000L\000O\124\004\162\110\147\054\127\050\000X\121\111\126\376\120\317\217\335\171\201\124\301\150\300\155\113\116\055\166\204\136\224\165\050}{section.3}% 20
